<?xml version="1.0" encoding="UTF-8"?>
<!-- Generated by org.testng.reporters.JUnitReportReporter -->
<testsuite hostname="Mohammad" failures="0" tests="2" name="step_definitions.DataBaseValidation" time="103.090" errors="0" timestamp="2023-09-21T14:34:33 EDT" skipped="0">
  <testcase classname="step_definitions.DataBaseValidation" name="testCase2" time="86.127"/>
  <system-out/>
  <testcase classname="step_definitions.DataBaseValidation" name="testCase1" time="16.963"/>
  <system-out/>
</testsuite> <!-- step_definitions.DataBaseValidation -->
