<?xml version="1.0" encoding="UTF-8"?>
<!-- Generated by org.testng.reporters.JUnitReportReporter -->
<testsuite hostname="Mohammad" failures="0" tests="2" name="step_definitions.DataBaseValidation" time="39.009" errors="0" timestamp="2023-09-25T18:27:50 EDT" skipped="0">
  <testcase classname="step_definitions.DataBaseValidation" name="testCase2" time="22.706"/>
  <system-out/>
  <testcase classname="step_definitions.DataBaseValidation" name="testCase1" time="16.303"/>
  <system-out/>
</testsuite> <!-- step_definitions.DataBaseValidation -->
